
****** Vivado(TM) HLS - High-Level Synthesis from C, C++ and SystemC v2018.2 (64-bit)
  **** SW Build 2258646 on Thu Jun 14 20:02:38 MDT 2018
  **** IP Build 2256618 on Thu Jun 14 22:10:49 MDT 2018
    ** Copyright 1986-2018 Xilinx, Inc. All Rights Reserved.

source /home/arpad/install/vivado/Vivado/2018.2/scripts/vivado_hls/hls.tcl -notrace
INFO: [HLS 200-10] Running '/home/arpad/install/vivado/Vivado/2018.2/bin/unwrapped/lnx64.o/vivado_hls'
INFO: [HLS 200-10] For user 'arpad' on host 'APD-X3' (Linux_x86_64 version 4.15.0-42-generic) on Sun Dec 09 00:00:42 CET 2018
INFO: [HLS 200-10] On os Ubuntu 18.04.1 LTS
INFO: [HLS 200-10] In directory '/home/arpad/dev/ensta/307/gauss/build'
/home/arpad/dev/ensta/307/vd/gauss_hls/gauss_hls/solution1_pipio/csim.tcl can't be opened.
couldn't read file "/home/arpad/dev/ensta/307/vd/gauss_hls/gauss_hls/solution1_pipio/csim.tcl": no such file or directory
    while executing
"source /home/arpad/dev/ensta/307/vd/gauss_hls/gauss_hls/solution1_pipio/csim.tcl"
    invoked from within
"hls::main /home/arpad/dev/ensta/307/vd/gauss_hls/gauss_hls/solution1_pipio/csim.tcl"
    ("uplevel" body line 1)
    invoked from within
"uplevel 1 hls::main {*}$args"
    (procedure "hls_proc" line 5)
    invoked from within
"hls_proc $argv"
INFO: [Common 17-206] Exiting vivado_hls at Sun Dec  9 00:00:42 2018...
